<?xml version="1.0" encoding="UTF-8"?>
<!-- Generated by org.testng.reporters.JUnitReportReporter -->
<testsuite skipped="0" name="scripts.Test1" tests="1" failures="0" timestamp="12 Jan 2018 07:11:32 GMT" time="15.194" errors="0">
  <testcase name="testmethod1" time="15.194" classname="scripts.Test1"/>
</testsuite> <!-- scripts.Test1 -->
